2160004602,Casasola
2160004532,Limonero
2310018492,Arcos de la Frontera
2310018272,Almodovar
2160004623,Guadarranque
2160004663,La Concepcion
2310018393,Zahara
2160004413,La Vinuela
2160004183,Beznar
2310022903,Los Bermejales
2310024113,Puebla de Cazalla
2310024073,Iznajar
2310020663,Piedras
2310023943,Vadomojon
2310016612,Andevalo
2310023523,Jose Toran
2310027322,Los Melonares
2310024253,La Brena II
2310000173,San Rafael de Navallana
2310022062,Arenoso
2310022743,Yeguas
2310027683,Puente Nuevo
2310020933,Tranco de Beas
2310021843,Encinarejo
2310022963,Giribaile
2310022023,Guadalen
2160003673,Cuevas de Almanzora
2160004373,Guadalhorce
2160004383,Guadalteba
2160004403,Conde de Guadalhorce
2160004253,Rules
2310018403,Bornos
2310018233,Los Hurones
2310020153,Guadalcacin 2
2310018473,Barbate
2310020223,Celemin
2160004643,Charco Redondo
